[2024-11-17 20:57:30,333][flwr][INFO] - Starting Flower simulation, config: num_rounds=10, no round_timeout
[2024-11-17 20:57:36,374][flwr][INFO] - Flower VCE: Ray initialized with resources: {'node:__internal_head__': 1.0, 'CPU': 16.0, 'accelerator_type:G': 1.0, 'memory': 14943205787.0, 'object_store_memory': 7471602892.0, 'GPU': 1.0, 'node:127.0.0.1': 1.0}
[2024-11-17 20:57:36,374][flwr][INFO] - Optimize your simulation with Flower VCE: https://flower.ai/docs/framework/how-to-run-simulations.html
[2024-11-17 20:57:36,375][flwr][INFO] - Flower VCE: Resources for each Virtual Client: {'num_cpus': 2, 'num_gpus': 0.0}
[2024-11-17 20:57:36,385][flwr][INFO] - Flower VCE: Creating VirtualClientEngineActorPool with 8 actors
[2024-11-17 20:57:36,386][flwr][INFO] - [INIT]
[2024-11-17 20:57:36,387][flwr][INFO] - Requesting initial parameters from one random client
[2024-11-17 20:57:39,368][flwr][INFO] - Received initial parameters from one random client
[2024-11-17 20:57:39,369][flwr][INFO] - Starting evaluation of initial global parameters
[2024-11-17 20:57:40,841][flwr][INFO] - initial parameters (loss, other metrics): 181.79938411712646, {'accuracy': 0.1032}
[2024-11-17 20:57:40,842][flwr][INFO] - 
[2024-11-17 20:57:40,843][flwr][INFO] - [ROUND 1]
[2024-11-17 20:57:40,843][flwr][INFO] - configure_fit: strategy sampled 10 clients (out of 100)
[2024-11-17 20:57:59,060][flwr][INFO] - aggregate_fit: received 10 results and 0 failures
[2024-11-17 20:57:59,066][flwr][WARNING] - No fit_metrics_aggregation_fn provided
[2024-11-17 20:58:00,395][flwr][INFO] - fit progress: (1, 179.85398268699646, {'accuracy': 0.1258}, 19.55208140000468)
[2024-11-17 20:58:00,395][flwr][INFO] - configure_evaluate: no clients selected, skipping evaluation
[2024-11-17 20:58:00,396][flwr][INFO] - 
[2024-11-17 20:58:00,396][flwr][INFO] - [ROUND 2]
[2024-11-17 20:58:00,396][flwr][INFO] - configure_fit: strategy sampled 10 clients (out of 100)
[2024-11-17 20:58:14,681][flwr][INFO] - aggregate_fit: received 10 results and 0 failures
[2024-11-17 20:58:16,118][flwr][INFO] - fit progress: (2, 173.85158038139343, {'accuracy': 0.4757}, 35.27574579999782)
[2024-11-17 20:58:16,120][flwr][INFO] - configure_evaluate: no clients selected, skipping evaluation
[2024-11-17 20:58:16,120][flwr][INFO] - 
[2024-11-17 20:58:16,121][flwr][INFO] - [ROUND 3]
[2024-11-17 20:58:16,121][flwr][INFO] - configure_fit: strategy sampled 10 clients (out of 100)
[2024-11-17 20:58:32,073][flwr][INFO] - aggregate_fit: received 10 results and 0 failures
[2024-11-17 20:58:33,667][flwr][INFO] - fit progress: (3, 107.80180537700653, {'accuracy': 0.7236}, 52.82540099998005)
[2024-11-17 20:58:33,668][flwr][INFO] - configure_evaluate: no clients selected, skipping evaluation
[2024-11-17 20:58:33,669][flwr][INFO] - 
[2024-11-17 20:58:33,669][flwr][INFO] - [ROUND 4]
[2024-11-17 20:58:33,669][flwr][INFO] - configure_fit: strategy sampled 10 clients (out of 100)
[2024-11-17 20:58:51,370][flwr][INFO] - aggregate_fit: received 10 results and 0 failures
[2024-11-17 20:58:52,680][flwr][INFO] - fit progress: (4, 49.53584539890289, {'accuracy': 0.8244}, 71.8379068999784)
[2024-11-17 20:58:52,681][flwr][INFO] - configure_evaluate: no clients selected, skipping evaluation
[2024-11-17 20:58:52,682][flwr][INFO] - 
[2024-11-17 20:58:52,682][flwr][INFO] - [ROUND 5]
[2024-11-17 20:58:52,682][flwr][INFO] - configure_fit: strategy sampled 10 clients (out of 100)
[2024-11-17 20:59:08,410][flwr][INFO] - aggregate_fit: received 10 results and 0 failures
[2024-11-17 20:59:09,939][flwr][INFO] - fit progress: (5, 32.643562749028206, {'accuracy': 0.8848}, 89.09692079998786)
[2024-11-17 20:59:09,940][flwr][INFO] - configure_evaluate: no clients selected, skipping evaluation
[2024-11-17 20:59:09,941][flwr][INFO] - 
[2024-11-17 20:59:09,941][flwr][INFO] - [ROUND 6]
[2024-11-17 20:59:09,942][flwr][INFO] - configure_fit: strategy sampled 10 clients (out of 100)
[2024-11-17 20:59:25,258][flwr][INFO] - aggregate_fit: received 10 results and 0 failures
[2024-11-17 20:59:26,755][flwr][INFO] - fit progress: (6, 20.368875455111265, {'accuracy': 0.925}, 105.91217939998023)
[2024-11-17 20:59:26,755][flwr][INFO] - configure_evaluate: no clients selected, skipping evaluation
[2024-11-17 20:59:26,756][flwr][INFO] - 
[2024-11-17 20:59:26,757][flwr][INFO] - [ROUND 7]
[2024-11-17 20:59:26,757][flwr][INFO] - configure_fit: strategy sampled 10 clients (out of 100)
[2024-11-17 20:59:41,917][flwr][INFO] - aggregate_fit: received 10 results and 0 failures
[2024-11-17 20:59:43,477][flwr][INFO] - fit progress: (7, 17.526803590357304, {'accuracy': 0.9327}, 122.6346130000311)
[2024-11-17 20:59:43,478][flwr][INFO] - configure_evaluate: no clients selected, skipping evaluation
[2024-11-17 20:59:43,478][flwr][INFO] - 
[2024-11-17 20:59:43,478][flwr][INFO] - [ROUND 8]
[2024-11-17 20:59:43,479][flwr][INFO] - configure_fit: strategy sampled 10 clients (out of 100)
[2024-11-17 20:59:59,373][flwr][INFO] - aggregate_fit: received 10 results and 0 failures
[2024-11-17 21:00:00,998][flwr][INFO] - fit progress: (8, 14.693055978044868, {'accuracy': 0.9451}, 140.15601460001199)
[2024-11-17 21:00:00,999][flwr][INFO] - configure_evaluate: no clients selected, skipping evaluation
[2024-11-17 21:00:01,000][flwr][INFO] - 
[2024-11-17 21:00:01,000][flwr][INFO] - [ROUND 9]
[2024-11-17 21:00:01,001][flwr][INFO] - configure_fit: strategy sampled 10 clients (out of 100)
[2024-11-17 21:00:16,587][flwr][INFO] - aggregate_fit: received 10 results and 0 failures
[2024-11-17 21:00:18,123][flwr][INFO] - fit progress: (9, 14.629066286608577, {'accuracy': 0.94}, 157.28048279997893)
[2024-11-17 21:00:18,124][flwr][INFO] - configure_evaluate: no clients selected, skipping evaluation
[2024-11-17 21:00:18,125][flwr][INFO] - 
[2024-11-17 21:00:18,125][flwr][INFO] - [ROUND 10]
[2024-11-17 21:00:18,126][flwr][INFO] - configure_fit: strategy sampled 10 clients (out of 100)
[2024-11-17 21:00:32,533][flwr][INFO] - aggregate_fit: received 10 results and 0 failures
[2024-11-17 21:00:34,021][flwr][INFO] - fit progress: (10, 13.479698232375085, {'accuracy': 0.9493}, 173.1777093000128)
[2024-11-17 21:00:34,021][flwr][INFO] - configure_evaluate: no clients selected, skipping evaluation
[2024-11-17 21:00:34,021][flwr][INFO] - 
[2024-11-17 21:00:34,022][flwr][INFO] - [SUMMARY]
[2024-11-17 21:00:34,022][flwr][INFO] - Run finished 10 round(s) in 173.18s
[2024-11-17 21:00:34,022][flwr][INFO] - 	History (loss, centralized):
[2024-11-17 21:00:34,023][flwr][INFO] - 		round 0: 181.79938411712646
[2024-11-17 21:00:34,023][flwr][INFO] - 		round 1: 179.85398268699646
[2024-11-17 21:00:34,023][flwr][INFO] - 		round 2: 173.85158038139343
[2024-11-17 21:00:34,024][flwr][INFO] - 		round 3: 107.80180537700653
[2024-11-17 21:00:34,024][flwr][INFO] - 		round 4: 49.53584539890289
[2024-11-17 21:00:34,024][flwr][INFO] - 		round 5: 32.643562749028206
[2024-11-17 21:00:34,024][flwr][INFO] - 		round 6: 20.368875455111265
[2024-11-17 21:00:34,025][flwr][INFO] - 		round 7: 17.526803590357304
[2024-11-17 21:00:34,025][flwr][INFO] - 		round 8: 14.693055978044868
[2024-11-17 21:00:34,025][flwr][INFO] - 		round 9: 14.629066286608577
[2024-11-17 21:00:34,025][flwr][INFO] - 		round 10: 13.479698232375085
[2024-11-17 21:00:34,026][flwr][INFO] - 	History (metrics, centralized):
[2024-11-17 21:00:34,026][flwr][INFO] - 	{'accuracy': [(0, 0.1032),
[2024-11-17 21:00:34,026][flwr][INFO] - 	              (1, 0.1258),
[2024-11-17 21:00:34,027][flwr][INFO] - 	              (2, 0.4757),
[2024-11-17 21:00:34,027][flwr][INFO] - 	              (3, 0.7236),
[2024-11-17 21:00:34,027][flwr][INFO] - 	              (4, 0.8244),
[2024-11-17 21:00:34,028][flwr][INFO] - 	              (5, 0.8848),
[2024-11-17 21:00:34,028][flwr][INFO] - 	              (6, 0.925),
[2024-11-17 21:00:34,028][flwr][INFO] - 	              (7, 0.9327),
[2024-11-17 21:00:34,028][flwr][INFO] - 	              (8, 0.9451),
[2024-11-17 21:00:34,028][flwr][INFO] - 	              (9, 0.94),
[2024-11-17 21:00:34,028][flwr][INFO] - 	              (10, 0.9493)]}
[2024-11-17 21:00:34,030][flwr][INFO] - 
