[2024-11-17 20:42:49,975][flwr][INFO] - Starting Flower simulation, config: num_rounds=10, no round_timeout
[2024-11-17 20:42:55,952][flwr][INFO] - Flower VCE: Ray initialized with resources: {'GPU': 1.0, 'accelerator_type:G': 1.0, 'CPU': 16.0, 'node:127.0.0.1': 1.0, 'object_store_memory': 7234057420.0, 'node:__internal_head__': 1.0, 'memory': 14468114843.0}
[2024-11-17 20:42:55,952][flwr][INFO] - Optimize your simulation with Flower VCE: https://flower.ai/docs/framework/how-to-run-simulations.html
[2024-11-17 20:42:55,952][flwr][INFO] - Flower VCE: Resources for each Virtual Client: {'num_cpus': 2, 'num_gpus': 0.0}
[2024-11-17 20:42:55,969][flwr][INFO] - Flower VCE: Creating VirtualClientEngineActorPool with 8 actors
[2024-11-17 20:42:55,970][flwr][INFO] - [INIT]
[2024-11-17 20:42:55,970][flwr][INFO] - Requesting initial parameters from one random client
[2024-11-17 20:42:58,795][flwr][INFO] - Received initial parameters from one random client
[2024-11-17 20:42:58,802][flwr][INFO] - Starting evaluation of initial global parameters
[2024-11-17 20:43:00,279][flwr][INFO] - initial parameters (loss, other metrics): 181.64893102645874, {'accuracy': 0.1056}
[2024-11-17 20:43:00,280][flwr][INFO] - 
[2024-11-17 20:43:00,280][flwr][INFO] - [ROUND 1]
[2024-11-17 20:43:00,281][flwr][INFO] - configure_fit: strategy sampled 10 clients (out of 100)
[2024-11-17 20:43:20,470][flwr][INFO] - aggregate_fit: received 10 results and 0 failures
[2024-11-17 20:43:20,480][flwr][WARNING] - No fit_metrics_aggregation_fn provided
[2024-11-17 20:43:22,019][flwr][INFO] - fit progress: (1, 176.48249006271362, {'accuracy': 0.354}, 21.739765500009526)
[2024-11-17 20:43:22,020][flwr][INFO] - configure_evaluate: no clients selected, skipping evaluation
[2024-11-17 20:43:22,021][flwr][INFO] - 
[2024-11-17 20:43:22,021][flwr][INFO] - [ROUND 2]
[2024-11-17 20:43:22,021][flwr][INFO] - configure_fit: strategy sampled 10 clients (out of 100)
[2024-11-17 20:43:37,840][flwr][INFO] - aggregate_fit: received 10 results and 0 failures
[2024-11-17 20:43:39,252][flwr][INFO] - fit progress: (2, 125.85113835334778, {'accuracy': 0.6769}, 38.97200070001418)
[2024-11-17 20:43:39,253][flwr][INFO] - configure_evaluate: no clients selected, skipping evaluation
[2024-11-17 20:43:39,254][flwr][INFO] - 
[2024-11-17 20:43:39,254][flwr][INFO] - [ROUND 3]
[2024-11-17 20:43:39,255][flwr][INFO] - configure_fit: strategy sampled 10 clients (out of 100)
[2024-11-17 20:44:00,726][flwr][INFO] - aggregate_fit: received 10 results and 0 failures
[2024-11-17 20:44:02,164][flwr][INFO] - fit progress: (3, 46.81318312883377, {'accuracy': 0.8224}, 61.88503679999849)
[2024-11-17 20:44:02,166][flwr][INFO] - configure_evaluate: no clients selected, skipping evaluation
[2024-11-17 20:44:02,166][flwr][INFO] - 
[2024-11-17 20:44:02,166][flwr][INFO] - [ROUND 4]
[2024-11-17 20:44:02,167][flwr][INFO] - configure_fit: strategy sampled 10 clients (out of 100)
[2024-11-17 20:44:23,160][flwr][INFO] - aggregate_fit: received 10 results and 0 failures
[2024-11-17 20:44:24,903][flwr][INFO] - fit progress: (4, 37.44023461639881, {'accuracy': 0.8681}, 84.6236342000193)
[2024-11-17 20:44:24,904][flwr][INFO] - configure_evaluate: no clients selected, skipping evaluation
[2024-11-17 20:44:24,905][flwr][INFO] - 
[2024-11-17 20:44:24,905][flwr][INFO] - [ROUND 5]
[2024-11-17 20:44:24,906][flwr][INFO] - configure_fit: strategy sampled 10 clients (out of 100)
[2024-11-17 20:44:41,939][flwr][INFO] - aggregate_fit: received 10 results and 0 failures
[2024-11-17 20:44:43,363][flwr][INFO] - fit progress: (5, 24.288930505514145, {'accuracy': 0.916}, 103.0828905000235)
[2024-11-17 20:44:43,364][flwr][INFO] - configure_evaluate: no clients selected, skipping evaluation
[2024-11-17 20:44:43,364][flwr][INFO] - 
[2024-11-17 20:44:43,365][flwr][INFO] - [ROUND 6]
[2024-11-17 20:44:43,365][flwr][INFO] - configure_fit: strategy sampled 10 clients (out of 100)
[2024-11-17 20:44:57,924][flwr][INFO] - aggregate_fit: received 10 results and 0 failures
[2024-11-17 20:44:59,331][flwr][INFO] - fit progress: (6, 20.17595750838518, {'accuracy': 0.9267}, 119.0516365999938)
[2024-11-17 20:44:59,332][flwr][INFO] - configure_evaluate: no clients selected, skipping evaluation
[2024-11-17 20:44:59,333][flwr][INFO] - 
[2024-11-17 20:44:59,333][flwr][INFO] - [ROUND 7]
[2024-11-17 20:44:59,334][flwr][INFO] - configure_fit: strategy sampled 10 clients (out of 100)
[2024-11-17 20:45:13,652][flwr][INFO] - aggregate_fit: received 10 results and 0 failures
[2024-11-17 20:45:15,062][flwr][INFO] - fit progress: (7, 19.25970569998026, {'accuracy': 0.9274}, 134.78295359999174)
[2024-11-17 20:45:15,064][flwr][INFO] - configure_evaluate: no clients selected, skipping evaluation
[2024-11-17 20:45:15,065][flwr][INFO] - 
[2024-11-17 20:45:15,065][flwr][INFO] - [ROUND 8]
[2024-11-17 20:45:15,066][flwr][INFO] - configure_fit: strategy sampled 10 clients (out of 100)
[2024-11-17 20:45:29,135][flwr][INFO] - aggregate_fit: received 10 results and 0 failures
[2024-11-17 20:45:30,535][flwr][INFO] - fit progress: (8, 15.720105018466711, {'accuracy': 0.9388}, 150.25498560001142)
[2024-11-17 20:45:30,536][flwr][INFO] - configure_evaluate: no clients selected, skipping evaluation
[2024-11-17 20:45:30,536][flwr][INFO] - 
[2024-11-17 20:45:30,537][flwr][INFO] - [ROUND 9]
[2024-11-17 20:45:30,537][flwr][INFO] - configure_fit: strategy sampled 10 clients (out of 100)
[2024-11-17 20:45:45,159][flwr][INFO] - aggregate_fit: received 10 results and 0 failures
[2024-11-17 20:45:46,427][flwr][INFO] - fit progress: (9, 15.028944761492312, {'accuracy': 0.9424}, 166.14668830001028)
[2024-11-17 20:45:46,427][flwr][INFO] - configure_evaluate: no clients selected, skipping evaluation
[2024-11-17 20:45:46,428][flwr][INFO] - 
[2024-11-17 20:45:46,428][flwr][INFO] - [ROUND 10]
[2024-11-17 20:45:46,428][flwr][INFO] - configure_fit: strategy sampled 10 clients (out of 100)
[2024-11-17 20:46:00,830][flwr][INFO] - aggregate_fit: received 10 results and 0 failures
[2024-11-17 20:46:02,271][flwr][INFO] - fit progress: (10, 13.11368943657726, {'accuracy': 0.9516}, 181.9919019000372)
[2024-11-17 20:46:02,272][flwr][INFO] - configure_evaluate: no clients selected, skipping evaluation
[2024-11-17 20:46:02,273][flwr][INFO] - 
[2024-11-17 20:46:02,274][flwr][INFO] - [SUMMARY]
[2024-11-17 20:46:02,274][flwr][INFO] - Run finished 10 round(s) in 181.99s
[2024-11-17 20:46:02,275][flwr][INFO] - 	History (loss, centralized):
[2024-11-17 20:46:02,276][flwr][INFO] - 		round 0: 181.64893102645874
[2024-11-17 20:46:02,276][flwr][INFO] - 		round 1: 176.48249006271362
[2024-11-17 20:46:02,276][flwr][INFO] - 		round 2: 125.85113835334778
[2024-11-17 20:46:02,276][flwr][INFO] - 		round 3: 46.81318312883377
[2024-11-17 20:46:02,277][flwr][INFO] - 		round 4: 37.44023461639881
[2024-11-17 20:46:02,277][flwr][INFO] - 		round 5: 24.288930505514145
[2024-11-17 20:46:02,277][flwr][INFO] - 		round 6: 20.17595750838518
[2024-11-17 20:46:02,277][flwr][INFO] - 		round 7: 19.25970569998026
[2024-11-17 20:46:02,277][flwr][INFO] - 		round 8: 15.720105018466711
[2024-11-17 20:46:02,278][flwr][INFO] - 		round 9: 15.028944761492312
[2024-11-17 20:46:02,278][flwr][INFO] - 		round 10: 13.11368943657726
[2024-11-17 20:46:02,278][flwr][INFO] - 	History (metrics, centralized):
[2024-11-17 20:46:02,279][flwr][INFO] - 	{'accuracy': [(0, 0.1056),
[2024-11-17 20:46:02,279][flwr][INFO] - 	              (1, 0.354),
[2024-11-17 20:46:02,279][flwr][INFO] - 	              (2, 0.6769),
[2024-11-17 20:46:02,279][flwr][INFO] - 	              (3, 0.8224),
[2024-11-17 20:46:02,280][flwr][INFO] - 	              (4, 0.8681),
[2024-11-17 20:46:02,280][flwr][INFO] - 	              (5, 0.916),
[2024-11-17 20:46:02,280][flwr][INFO] - 	              (6, 0.9267),
[2024-11-17 20:46:02,280][flwr][INFO] - 	              (7, 0.9274),
[2024-11-17 20:46:02,280][flwr][INFO] - 	              (8, 0.9388),
[2024-11-17 20:46:02,280][flwr][INFO] - 	              (9, 0.9424),
[2024-11-17 20:46:02,281][flwr][INFO] - 	              (10, 0.9516)]}
[2024-11-17 20:46:02,281][flwr][INFO] - 
