[2024-11-17 20:32:01,758][flwr][INFO] - Starting Flower simulation, config: num_rounds=10, no round_timeout
[2024-11-17 20:32:10,851][flwr][INFO] - Flower VCE: Ray initialized with resources: {'node:__internal_head__': 1.0, 'CPU': 16.0, 'memory': 14333676750.0, 'accelerator_type:G': 1.0, 'node:127.0.0.1': 1.0, 'object_store_memory': 7166838374.0, 'GPU': 1.0}
[2024-11-17 20:32:10,851][flwr][INFO] - Optimize your simulation with Flower VCE: https://flower.ai/docs/framework/how-to-run-simulations.html
[2024-11-17 20:32:10,851][flwr][INFO] - Flower VCE: Resources for each Virtual Client: {'num_cpus': 2, 'num_gpus': 0.0}
[2024-11-17 20:32:10,851][flwr][INFO] - Flower VCE: Creating VirtualClientEngineActorPool with 8 actors
[2024-11-17 20:32:10,851][flwr][INFO] - [INIT]
[2024-11-17 20:32:10,864][flwr][INFO] - Requesting initial parameters from one random client
[2024-11-17 20:32:13,754][flwr][INFO] - Received initial parameters from one random client
[2024-11-17 20:32:13,754][flwr][INFO] - Starting evaluation of initial global parameters
[2024-11-17 20:32:15,287][flwr][INFO] - initial parameters (loss, other metrics): 181.8840537071228, {'accuracy': 0.0937}
[2024-11-17 20:32:15,287][flwr][INFO] - 
[2024-11-17 20:32:15,297][flwr][INFO] - [ROUND 1]
[2024-11-17 20:32:15,297][flwr][INFO] - configure_fit: strategy sampled 10 clients (out of 100)
[2024-11-17 20:32:33,013][flwr][INFO] - aggregate_fit: received 10 results and 0 failures
[2024-11-17 20:32:33,019][flwr][WARNING] - No fit_metrics_aggregation_fn provided
[2024-11-17 20:32:34,368][flwr][INFO] - fit progress: (1, 179.69856762886047, {'accuracy': 0.271}, 19.0772936999565)
[2024-11-17 20:32:34,368][flwr][INFO] - configure_evaluate: no clients selected, skipping evaluation
[2024-11-17 20:32:34,368][flwr][INFO] - 
[2024-11-17 20:32:34,368][flwr][INFO] - [ROUND 2]
[2024-11-17 20:32:34,368][flwr][INFO] - configure_fit: strategy sampled 10 clients (out of 100)
[2024-11-17 20:32:50,041][flwr][INFO] - aggregate_fit: received 10 results and 0 failures
[2024-11-17 20:32:51,345][flwr][INFO] - fit progress: (2, 170.74428033828735, {'accuracy': 0.4987}, 36.053123499965295)
[2024-11-17 20:32:51,345][flwr][INFO] - configure_evaluate: no clients selected, skipping evaluation
[2024-11-17 20:32:51,345][flwr][INFO] - 
[2024-11-17 20:32:51,345][flwr][INFO] - [ROUND 3]
[2024-11-17 20:32:51,345][flwr][INFO] - configure_fit: strategy sampled 10 clients (out of 100)
[2024-11-17 20:33:05,582][flwr][INFO] - aggregate_fit: received 10 results and 0 failures
[2024-11-17 20:33:07,077][flwr][INFO] - fit progress: (3, 78.98540276288986, {'accuracy': 0.7199}, 51.78023049997864)
[2024-11-17 20:33:07,077][flwr][INFO] - configure_evaluate: no clients selected, skipping evaluation
[2024-11-17 20:33:07,077][flwr][INFO] - 
[2024-11-17 20:33:07,077][flwr][INFO] - [ROUND 4]
[2024-11-17 20:33:07,078][flwr][INFO] - configure_fit: strategy sampled 10 clients (out of 100)
[2024-11-17 20:33:22,529][flwr][INFO] - aggregate_fit: received 10 results and 0 failures
[2024-11-17 20:33:23,966][flwr][INFO] - fit progress: (4, 47.64571124315262, {'accuracy': 0.8011}, 68.67422099999385)
[2024-11-17 20:33:23,966][flwr][INFO] - configure_evaluate: no clients selected, skipping evaluation
[2024-11-17 20:33:23,966][flwr][INFO] - 
[2024-11-17 20:33:23,966][flwr][INFO] - [ROUND 5]
[2024-11-17 20:33:23,966][flwr][INFO] - configure_fit: strategy sampled 10 clients (out of 100)
[2024-11-17 20:33:40,405][flwr][INFO] - aggregate_fit: received 10 results and 0 failures
[2024-11-17 20:33:41,677][flwr][INFO] - fit progress: (5, 37.220256969332695, {'accuracy': 0.8702}, 86.38090469996678)
[2024-11-17 20:33:41,678][flwr][INFO] - configure_evaluate: no clients selected, skipping evaluation
[2024-11-17 20:33:41,679][flwr][INFO] - 
[2024-11-17 20:33:41,679][flwr][INFO] - [ROUND 6]
[2024-11-17 20:33:41,680][flwr][INFO] - configure_fit: strategy sampled 10 clients (out of 100)
[2024-11-17 20:33:56,398][flwr][INFO] - aggregate_fit: received 10 results and 0 failures
[2024-11-17 20:33:57,624][flwr][INFO] - fit progress: (6, 29.979798167943954, {'accuracy': 0.8891}, 102.3279244999867)
[2024-11-17 20:33:57,626][flwr][INFO] - configure_evaluate: no clients selected, skipping evaluation
[2024-11-17 20:33:57,626][flwr][INFO] - 
[2024-11-17 20:33:57,627][flwr][INFO] - [ROUND 7]
[2024-11-17 20:33:57,627][flwr][INFO] - configure_fit: strategy sampled 10 clients (out of 100)
[2024-11-17 20:34:12,462][flwr][INFO] - aggregate_fit: received 10 results and 0 failures
[2024-11-17 20:34:13,872][flwr][INFO] - fit progress: (7, 23.825791895389557, {'accuracy': 0.9126}, 118.57578369998373)
[2024-11-17 20:34:13,873][flwr][INFO] - configure_evaluate: no clients selected, skipping evaluation
[2024-11-17 20:34:13,874][flwr][INFO] - 
[2024-11-17 20:34:13,874][flwr][INFO] - [ROUND 8]
[2024-11-17 20:34:13,874][flwr][INFO] - configure_fit: strategy sampled 10 clients (out of 100)
[2024-11-17 20:34:28,196][flwr][INFO] - aggregate_fit: received 10 results and 0 failures
[2024-11-17 20:34:29,601][flwr][INFO] - fit progress: (8, 19.638194173574448, {'accuracy': 0.9282}, 134.30457869998645)
[2024-11-17 20:34:29,602][flwr][INFO] - configure_evaluate: no clients selected, skipping evaluation
[2024-11-17 20:34:29,602][flwr][INFO] - 
[2024-11-17 20:34:29,602][flwr][INFO] - [ROUND 9]
[2024-11-17 20:34:29,603][flwr][INFO] - configure_fit: strategy sampled 10 clients (out of 100)
[2024-11-17 20:34:51,201][flwr][INFO] - aggregate_fit: received 10 results and 0 failures
[2024-11-17 20:34:53,316][flwr][INFO] - fit progress: (9, 16.64594518020749, {'accuracy': 0.9331}, 158.02037709997967)
[2024-11-17 20:34:53,317][flwr][INFO] - configure_evaluate: no clients selected, skipping evaluation
[2024-11-17 20:34:53,317][flwr][INFO] - 
[2024-11-17 20:34:53,319][flwr][INFO] - [ROUND 10]
[2024-11-17 20:34:53,319][flwr][INFO] - configure_fit: strategy sampled 10 clients (out of 100)
[2024-11-17 20:35:12,632][flwr][INFO] - aggregate_fit: received 10 results and 0 failures
[2024-11-17 20:35:14,052][flwr][INFO] - fit progress: (10, 16.15703994035721, {'accuracy': 0.9393}, 178.75632599997334)
[2024-11-17 20:35:14,053][flwr][INFO] - configure_evaluate: no clients selected, skipping evaluation
[2024-11-17 20:35:14,054][flwr][INFO] - 
[2024-11-17 20:35:14,054][flwr][INFO] - [SUMMARY]
[2024-11-17 20:35:14,055][flwr][INFO] - Run finished 10 round(s) in 178.76s
[2024-11-17 20:35:14,055][flwr][INFO] - 	History (loss, centralized):
[2024-11-17 20:35:14,056][flwr][INFO] - 		round 0: 181.8840537071228
[2024-11-17 20:35:14,056][flwr][INFO] - 		round 1: 179.69856762886047
[2024-11-17 20:35:14,057][flwr][INFO] - 		round 2: 170.74428033828735
[2024-11-17 20:35:14,057][flwr][INFO] - 		round 3: 78.98540276288986
[2024-11-17 20:35:14,057][flwr][INFO] - 		round 4: 47.64571124315262
[2024-11-17 20:35:14,058][flwr][INFO] - 		round 5: 37.220256969332695
[2024-11-17 20:35:14,058][flwr][INFO] - 		round 6: 29.979798167943954
[2024-11-17 20:35:14,058][flwr][INFO] - 		round 7: 23.825791895389557
[2024-11-17 20:35:14,059][flwr][INFO] - 		round 8: 19.638194173574448
[2024-11-17 20:35:14,059][flwr][INFO] - 		round 9: 16.64594518020749
[2024-11-17 20:35:14,059][flwr][INFO] - 		round 10: 16.15703994035721
[2024-11-17 20:35:14,060][flwr][INFO] - 	History (metrics, centralized):
[2024-11-17 20:35:14,060][flwr][INFO] - 	{'accuracy': [(0, 0.0937),
[2024-11-17 20:35:14,060][flwr][INFO] - 	              (1, 0.271),
[2024-11-17 20:35:14,061][flwr][INFO] - 	              (2, 0.4987),
[2024-11-17 20:35:14,061][flwr][INFO] - 	              (3, 0.7199),
[2024-11-17 20:35:14,062][flwr][INFO] - 	              (4, 0.8011),
[2024-11-17 20:35:14,062][flwr][INFO] - 	              (5, 0.8702),
[2024-11-17 20:35:14,062][flwr][INFO] - 	              (6, 0.8891),
[2024-11-17 20:35:14,062][flwr][INFO] - 	              (7, 0.9126),
[2024-11-17 20:35:14,063][flwr][INFO] - 	              (8, 0.9282),
[2024-11-17 20:35:14,063][flwr][INFO] - 	              (9, 0.9331),
[2024-11-17 20:35:14,063][flwr][INFO] - 	              (10, 0.9393)]}
[2024-11-17 20:35:14,064][flwr][INFO] - 
