[2024-11-17 19:29:45,332][flwr][INFO] - Starting Flower simulation, config: num_rounds=10, no round_timeout
[2024-11-17 19:29:52,804][flwr][INFO] - Flower VCE: Ray initialized with resources: {'object_store_memory': 6860794675.0, 'GPU': 1.0, 'CPU': 16.0, 'node:127.0.0.1': 1.0, 'memory': 13721589351.0, 'accelerator_type:G': 1.0, 'node:__internal_head__': 1.0}
[2024-11-17 19:29:52,804][flwr][INFO] - Optimize your simulation with Flower VCE: https://flower.ai/docs/framework/how-to-run-simulations.html
[2024-11-17 19:29:52,804][flwr][INFO] - Flower VCE: Resources for each Virtual Client: {'num_cpus': 2, 'num_gpus': 0.0}
[2024-11-17 19:29:52,824][flwr][INFO] - Flower VCE: Creating VirtualClientEngineActorPool with 8 actors
[2024-11-17 19:29:52,826][flwr][INFO] - [INIT]
[2024-11-17 19:29:52,826][flwr][INFO] - Requesting initial parameters from one random client
[2024-11-17 19:29:55,689][flwr][INFO] - Received initial parameters from one random client
[2024-11-17 19:29:55,689][flwr][INFO] - Starting evaluation of initial global parameters
[2024-11-17 19:29:57,435][flwr][INFO] - initial parameters (loss, other metrics): 182.12996673583984, {'accuracy': 0.0961}
[2024-11-17 19:29:57,435][flwr][INFO] - 
[2024-11-17 19:29:57,435][flwr][INFO] - [ROUND 1]
[2024-11-17 19:29:57,435][flwr][INFO] - configure_fit: strategy sampled 10 clients (out of 100)
[2024-11-17 19:30:15,399][flwr][INFO] - aggregate_fit: received 10 results and 0 failures
[2024-11-17 19:30:15,404][flwr][WARNING] - No fit_metrics_aggregation_fn provided
[2024-11-17 19:30:16,741][flwr][INFO] - fit progress: (1, 178.16625332832336, {'accuracy': 0.3435}, 19.307445399987046)
[2024-11-17 19:30:16,741][flwr][INFO] - configure_evaluate: no clients selected, skipping evaluation
[2024-11-17 19:30:16,741][flwr][INFO] - 
[2024-11-17 19:30:16,741][flwr][INFO] - [ROUND 2]
[2024-11-17 19:30:16,741][flwr][INFO] - configure_fit: strategy sampled 10 clients (out of 100)
[2024-11-17 19:30:31,812][flwr][INFO] - aggregate_fit: received 10 results and 0 failures
[2024-11-17 19:30:33,021][flwr][INFO] - fit progress: (2, 147.31251108646393, {'accuracy': 0.5179}, 35.57981640001526)
[2024-11-17 19:30:33,021][flwr][INFO] - configure_evaluate: no clients selected, skipping evaluation
[2024-11-17 19:30:33,021][flwr][INFO] - 
[2024-11-17 19:30:33,021][flwr][INFO] - [ROUND 3]
[2024-11-17 19:30:33,021][flwr][INFO] - configure_fit: strategy sampled 10 clients (out of 100)
[2024-11-17 19:30:48,524][flwr][INFO] - aggregate_fit: received 10 results and 0 failures
[2024-11-17 19:30:49,970][flwr][INFO] - fit progress: (3, 77.77743262052536, {'accuracy': 0.6965}, 52.52669159998186)
[2024-11-17 19:30:49,970][flwr][INFO] - configure_evaluate: no clients selected, skipping evaluation
[2024-11-17 19:30:49,971][flwr][INFO] - 
[2024-11-17 19:30:49,971][flwr][INFO] - [ROUND 4]
[2024-11-17 19:30:49,971][flwr][INFO] - configure_fit: strategy sampled 10 clients (out of 100)
[2024-11-17 19:31:09,548][flwr][INFO] - aggregate_fit: received 10 results and 0 failures
[2024-11-17 19:31:11,057][flwr][INFO] - fit progress: (4, 56.59558781981468, {'accuracy': 0.7869}, 73.61837149999337)
[2024-11-17 19:31:11,057][flwr][INFO] - configure_evaluate: no clients selected, skipping evaluation
[2024-11-17 19:31:11,057][flwr][INFO] - 
[2024-11-17 19:31:11,057][flwr][INFO] - [ROUND 5]
[2024-11-17 19:31:11,057][flwr][INFO] - configure_fit: strategy sampled 10 clients (out of 100)
