[2024-11-17 23:02:29,945][flwr][INFO] - Starting Flower simulation, config: num_rounds=10, no round_timeout
[2024-11-17 23:02:37,508][flwr][INFO] - Flower VCE: Ray initialized with resources: {'node:127.0.0.1': 1.0, 'GPU': 1.0, 'memory': 14294541927.0, 'accelerator_type:G': 1.0, 'CPU': 16.0, 'object_store_memory': 7147270963.0, 'node:__internal_head__': 1.0}
[2024-11-17 23:02:37,508][flwr][INFO] - Optimize your simulation with Flower VCE: https://flower.ai/docs/framework/how-to-run-simulations.html
[2024-11-17 23:02:37,508][flwr][INFO] - Flower VCE: Resources for each Virtual Client: {'num_cpus': 2, 'num_gpus': 0.0}
[2024-11-17 23:02:37,524][flwr][INFO] - Flower VCE: Creating VirtualClientEngineActorPool with 8 actors
[2024-11-17 23:02:37,524][flwr][INFO] - [INIT]
[2024-11-17 23:02:37,534][flwr][INFO] - Requesting initial parameters from one random client
[2024-11-17 23:02:40,503][flwr][INFO] - Received initial parameters from one random client
[2024-11-17 23:02:40,503][flwr][INFO] - Starting evaluation of initial global parameters
[2024-11-17 23:02:42,033][flwr][INFO] - initial parameters (loss, other metrics): 182.03172397613525, {'accuracy': 0.1411}
[2024-11-17 23:02:42,033][flwr][INFO] - 
[2024-11-17 23:02:42,033][flwr][INFO] - [ROUND 1]
[2024-11-17 23:02:42,033][flwr][INFO] - configure_fit: strategy sampled 25 clients (out of 100)
[2024-11-17 23:03:16,957][flwr][INFO] - aggregate_fit: received 25 results and 0 failures
[2024-11-17 23:03:16,971][flwr][WARNING] - No fit_metrics_aggregation_fn provided
[2024-11-17 23:03:18,232][flwr][INFO] - fit progress: (1, 175.86451125144958, {'accuracy': 0.3923}, 36.20192170003429)
[2024-11-17 23:03:18,238][flwr][INFO] - configure_evaluate: no clients selected, skipping evaluation
[2024-11-17 23:03:18,238][flwr][INFO] - 
[2024-11-17 23:03:18,238][flwr][INFO] - [ROUND 2]
[2024-11-17 23:03:18,238][flwr][INFO] - configure_fit: strategy sampled 25 clients (out of 100)
[2024-11-17 23:03:50,042][flwr][INFO] - aggregate_fit: received 25 results and 0 failures
[2024-11-17 23:03:51,352][flwr][INFO] - fit progress: (2, 121.93782472610474, {'accuracy': 0.6125}, 69.3171863000025)
[2024-11-17 23:03:51,353][flwr][INFO] - configure_evaluate: no clients selected, skipping evaluation
[2024-11-17 23:03:51,354][flwr][INFO] - 
[2024-11-17 23:03:51,354][flwr][INFO] - [ROUND 3]
[2024-11-17 23:03:51,354][flwr][INFO] - configure_fit: strategy sampled 25 clients (out of 100)
[2024-11-17 23:04:23,663][flwr][INFO] - aggregate_fit: received 25 results and 0 failures
[2024-11-17 23:04:25,161][flwr][INFO] - fit progress: (3, 54.47140648961067, {'accuracy': 0.8126}, 103.1411197000416)
[2024-11-17 23:04:25,178][flwr][INFO] - configure_evaluate: no clients selected, skipping evaluation
[2024-11-17 23:04:25,178][flwr][INFO] - 
[2024-11-17 23:04:25,178][flwr][INFO] - [ROUND 4]
[2024-11-17 23:04:25,178][flwr][INFO] - configure_fit: strategy sampled 25 clients (out of 100)
[2024-11-17 23:04:57,824][flwr][INFO] - aggregate_fit: received 25 results and 0 failures
[2024-11-17 23:04:59,165][flwr][INFO] - fit progress: (4, 41.054863169789314, {'accuracy': 0.8763}, 137.1318821000168)
[2024-11-17 23:04:59,165][flwr][INFO] - configure_evaluate: no clients selected, skipping evaluation
[2024-11-17 23:04:59,165][flwr][INFO] - 
[2024-11-17 23:04:59,165][flwr][INFO] - [ROUND 5]
[2024-11-17 23:04:59,165][flwr][INFO] - configure_fit: strategy sampled 25 clients (out of 100)
[2024-11-17 23:05:32,493][flwr][INFO] - aggregate_fit: received 25 results and 0 failures
[2024-11-17 23:05:33,758][flwr][INFO] - fit progress: (5, 29.07988615334034, {'accuracy': 0.9023}, 171.73000520002097)
[2024-11-17 23:05:33,758][flwr][INFO] - configure_evaluate: no clients selected, skipping evaluation
[2024-11-17 23:05:33,758][flwr][INFO] - 
[2024-11-17 23:05:33,758][flwr][INFO] - [ROUND 6]
[2024-11-17 23:05:33,768][flwr][INFO] - configure_fit: strategy sampled 25 clients (out of 100)
[2024-11-17 23:06:08,188][flwr][INFO] - aggregate_fit: received 25 results and 0 failures
[2024-11-17 23:06:09,515][flwr][INFO] - fit progress: (6, 21.64501103386283, {'accuracy': 0.9238}, 207.47950180002954)
[2024-11-17 23:06:09,515][flwr][INFO] - configure_evaluate: no clients selected, skipping evaluation
[2024-11-17 23:06:09,516][flwr][INFO] - 
[2024-11-17 23:06:09,516][flwr][INFO] - [ROUND 7]
[2024-11-17 23:06:09,516][flwr][INFO] - configure_fit: strategy sampled 25 clients (out of 100)
[2024-11-17 23:06:43,152][flwr][INFO] - aggregate_fit: received 25 results and 0 failures
[2024-11-17 23:06:44,556][flwr][INFO] - fit progress: (7, 18.385007858276367, {'accuracy': 0.9305}, 242.52278780000051)
[2024-11-17 23:06:44,556][flwr][INFO] - configure_evaluate: no clients selected, skipping evaluation
[2024-11-17 23:06:44,556][flwr][INFO] - 
[2024-11-17 23:06:44,556][flwr][INFO] - [ROUND 8]
[2024-11-17 23:06:44,556][flwr][INFO] - configure_fit: strategy sampled 25 clients (out of 100)
[2024-11-17 23:07:16,686][flwr][INFO] - aggregate_fit: received 25 results and 0 failures
[2024-11-17 23:07:18,035][flwr][INFO] - fit progress: (8, 15.217394834384322, {'accuracy': 0.942}, 275.99985370005015)
[2024-11-17 23:07:18,036][flwr][INFO] - configure_evaluate: no clients selected, skipping evaluation
[2024-11-17 23:07:18,036][flwr][INFO] - 
[2024-11-17 23:07:18,036][flwr][INFO] - [ROUND 9]
[2024-11-17 23:07:18,036][flwr][INFO] - configure_fit: strategy sampled 25 clients (out of 100)
[2024-11-17 23:07:49,417][flwr][INFO] - aggregate_fit: received 25 results and 0 failures
[2024-11-17 23:07:50,751][flwr][INFO] - fit progress: (9, 13.673546180129051, {'accuracy': 0.9472}, 308.72045050002635)
[2024-11-17 23:07:50,757][flwr][INFO] - configure_evaluate: no clients selected, skipping evaluation
[2024-11-17 23:07:50,757][flwr][INFO] - 
[2024-11-17 23:07:50,757][flwr][INFO] - [ROUND 10]
[2024-11-17 23:07:50,757][flwr][INFO] - configure_fit: strategy sampled 25 clients (out of 100)
[2024-11-17 23:08:25,664][flwr][INFO] - aggregate_fit: received 25 results and 0 failures
[2024-11-17 23:08:27,000][flwr][INFO] - fit progress: (10, 12.282509345095605, {'accuracy': 0.9517}, 344.97175990004325)
[2024-11-17 23:08:27,000][flwr][INFO] - configure_evaluate: no clients selected, skipping evaluation
[2024-11-17 23:08:27,000][flwr][INFO] - 
[2024-11-17 23:08:27,000][flwr][INFO] - [SUMMARY]
[2024-11-17 23:08:27,000][flwr][INFO] - Run finished 10 round(s) in 344.97s
[2024-11-17 23:08:27,000][flwr][INFO] - 	History (loss, centralized):
[2024-11-17 23:08:27,000][flwr][INFO] - 		round 0: 182.03172397613525
[2024-11-17 23:08:27,000][flwr][INFO] - 		round 1: 175.86451125144958
[2024-11-17 23:08:27,000][flwr][INFO] - 		round 2: 121.93782472610474
[2024-11-17 23:08:27,000][flwr][INFO] - 		round 3: 54.47140648961067
[2024-11-17 23:08:27,000][flwr][INFO] - 		round 4: 41.054863169789314
[2024-11-17 23:08:27,013][flwr][INFO] - 		round 5: 29.07988615334034
[2024-11-17 23:08:27,013][flwr][INFO] - 		round 6: 21.64501103386283
[2024-11-17 23:08:27,013][flwr][INFO] - 		round 7: 18.385007858276367
[2024-11-17 23:08:27,013][flwr][INFO] - 		round 8: 15.217394834384322
[2024-11-17 23:08:27,014][flwr][INFO] - 		round 9: 13.673546180129051
[2024-11-17 23:08:27,014][flwr][INFO] - 		round 10: 12.282509345095605
[2024-11-17 23:08:27,014][flwr][INFO] - 	History (metrics, centralized):
[2024-11-17 23:08:27,014][flwr][INFO] - 	{'accuracy': [(0, 0.1411),
[2024-11-17 23:08:27,015][flwr][INFO] - 	              (1, 0.3923),
[2024-11-17 23:08:27,015][flwr][INFO] - 	              (2, 0.6125),
[2024-11-17 23:08:27,015][flwr][INFO] - 	              (3, 0.8126),
[2024-11-17 23:08:27,015][flwr][INFO] - 	              (4, 0.8763),
[2024-11-17 23:08:27,015][flwr][INFO] - 	              (5, 0.9023),
[2024-11-17 23:08:27,015][flwr][INFO] - 	              (6, 0.9238),
[2024-11-17 23:08:27,015][flwr][INFO] - 	              (7, 0.9305),
[2024-11-17 23:08:27,016][flwr][INFO] - 	              (8, 0.942),
[2024-11-17 23:08:27,016][flwr][INFO] - 	              (9, 0.9472),
[2024-11-17 23:08:27,016][flwr][INFO] - 	              (10, 0.9517)]}
[2024-11-17 23:08:27,016][flwr][INFO] - 
